08-19 15:13:14 replicate_layout.action_replicate_layout 305:Plugin executed on: 'win32'
08-19 15:13:14 replicate_layout.action_replicate_layout 306:Plugin executed with python version: '2.7.16 (default, Aug 15 2019, 17:51:40)  [GCC 9.2.0 64 bit (AMD64)]'
08-19 15:13:14 replicate_layout.action_replicate_layout 307:KiCad build version: (5.1.6)-1
08-19 15:13:14 replicate_layout.action_replicate_layout 308:Replicate layout plugin version: 68 started
08-19 15:13:14 replicate_layout.action_replicate_layout 319:wx top level windows: wxWindowList: [<wx._windows.Frame; proxy of <Swig Object of type 'wxFrame *' at 0x5fdacf0> >, <wx._windows.Frame; proxy of <Swig Object of type 'wxFrame *' at 0x5ee9e00> >, <wx._windows.Frame; proxy of <Swig Object of type 'wxFrame *' at 0xab1b120> >, <wx._windows.Frame; proxy of <Swig Object of type 'wxFrame *' at 0xafb9bb0> >, <wx._windows.Frame; proxy of <Swig Object of type 'wxFrame *' at 0x1fa50510> >, <wx._windows.Frame; proxy of <Swig Object of type 'wxFrame *' at 0x1fa3ced0> >, <wx._windows.Frame; proxy of <Swig Object of type 'wxFrame *' at 0x1fa3cb60> >]
08-19 15:13:14 replicate_layout.action_replicate_layout 343:Preparing replicator with K1 as a reference
08-19 15:13:14 replicate_layout.replicatelayout 215:getting project hierarchy from schematics
08-19 15:13:14 replicate_layout.replicatelayout 217:Project hierarchy looks like:
{u'5F6754BA': [u'sheet5F675461', u'C:\\Users\\rbeauche\\Documents\\PCBs\\github\\hotplug\\hotplug_board\\relayBoard\\SSR_CHANNEL.sch'], u'5F4245E7': [u'sheet5F4245CA', u'C:\\Users\\rbeauche\\Documents\\PCBs\\github\\hotplug\\hotplug_board\\relayBoard\\relayChannel.sch'], u'5F675496': [u'sheet5F67545E', u'C:\\Users\\rbeauche\\Documents\\PCBs\\github\\hotplug\\hotplug_board\\relayBoard\\SSR_CHANNEL.sch'], u'5F3C948E': [u'sheet5F3C9486', u'C:\\Users\\rbeauche\\Documents\\PCBs\\github\\hotplug\\hotplug_board\\relayBoard\\relayChannel.sch'], u'5F42467C': [u'sheet5F4245D4', u'C:\\Users\\rbeauche\\Documents\\PCBs\\github\\hotplug\\hotplug_board\\relayBoard\\relayChannel.sch'], u'5F6754DE': [u'sheet5F675464', u'C:\\Users\\rbeauche\\Documents\\PCBs\\github\\hotplug\\hotplug_board\\relayBoard\\SSR_CHANNEL.sch'], u'5F3E98FF': [u'sheet5F3E986F', u'C:\\Users\\rbeauche\\Documents\\PCBs\\github\\hotplug\\hotplug_board\\relayBoard\\relayChannel.sch'], u'5F4246A1': [u'sheet5F4245D6', u'C:\\Users\\rbeauche\\Documents\\PCBs\\github\\hotplug\\hotplug_board\\relayBoard\\relayChannel.sch'], u'5F4246AF': [u'sheet5F4245D7', u'C:\\Users\\rbeauche\\Documents\\PCBs\\github\\hotplug\\hotplug_board\\relayBoard\\relayChannel.sch'], u'5F4246BD': [u'sheet5F4245D8', u'C:\\Users\\rbeauche\\Documents\\PCBs\\github\\hotplug\\hotplug_board\\relayBoard\\relayChannel.sch'], u'5F61C12A': [u'sheet5F61C116', u'C:\\Users\\rbeauche\\Documents\\PCBs\\github\\hotplug\\hotplug_board\\relayBoard\\SSR_CHANNEL.sch'], u'5F42461A': [u'sheet5F4245CD', u'C:\\Users\\rbeauche\\Documents\\PCBs\\github\\hotplug\\hotplug_board\\relayBoard\\relayChannel.sch'], u'5F56F83F': [u'sheet5F56F839', u'C:\\Users\\rbeauche\\Documents\\PCBs\\github\\hotplug\\hotplug_board\\relayBoard\\SSR_CHANNEL.sch'], u'5F71169A': [u'Sheet5F711699', u'C:\\Users\\rbeauche\\Documents\\PCBs\\github\\hotplug\\hotplug_board\\relayBoard\\POWER.sch'], u'5F3BDA7F': [u'sheet5F3BDA77', u'C:\\Users\\rbeauche\\Documents\\PCBs\\github\\hotplug\\hotplug_board\\relayBoard\\relayChannel.sch'], u'5F3C5DFC': [u'sheet5F3C5DF4', u'C:\\Users\\rbeauche\\Documents\\PCBs\\github\\hotplug\\hotplug_board\\relayBoard\\relayChannel.sch'], u'5CDBA1F6': [u'Channel0', u'C:\\Users\\rbeauche\\Documents\\PCBs\\github\\hotplug\\hotplug_board\\relayBoard\\relayChannel.sch'], u'5F4246E7': [u'sheet5F4245DB', u'C:\\Users\\rbeauche\\Documents\\PCBs\\github\\hotplug\\hotplug_board\\relayBoard\\relayChannel.sch'], u'5F5B1EB9': [u'sheet5F5B1EB3', u'C:\\Users\\rbeauche\\Documents\\PCBs\\github\\hotplug\\hotplug_board\\relayBoard\\SSR_CHANNEL.sch'], u'5F424636': [u'sheet5F4245CF', u'C:\\Users\\rbeauche\\Documents\\PCBs\\github\\hotplug\\hotplug_board\\relayBoard\\relayChannel.sch'], u'5F67547E': [u'sheet5F67545C', u'C:\\Users\\rbeauche\\Documents\\PCBs\\github\\hotplug\\hotplug_board\\relayBoard\\SSR_CHANNEL.sch'], u'5F3E98C7': [u'sheet5F3E986B', u'C:\\Users\\rbeauche\\Documents\\PCBs\\github\\hotplug\\hotplug_board\\relayBoard\\relayChannel.sch'], u'5F3E989D': [u'sheet5F3E9868', u'C:\\Users\\rbeauche\\Documents\\PCBs\\github\\hotplug\\hotplug_board\\relayBoard\\relayChannel.sch'], u'5F3E98E3': [u'sheet5F3E986D', u'C:\\Users\\rbeauche\\Documents\\PCBs\\github\\hotplug\\hotplug_board\\relayBoard\\relayChannel.sch'], u'5F424644': [u'sheet5F4245D0', u'C:\\Users\\rbeauche\\Documents\\PCBs\\github\\hotplug\\hotplug_board\\relayBoard\\relayChannel.sch'], u'5F424703': [u'sheet5F4245DD', u'C:\\Users\\rbeauche\\Documents\\PCBs\\github\\hotplug\\hotplug_board\\relayBoard\\relayChannel.sch'], u'5F6754C6': [u'sheet5F675462', u'C:\\Users\\rbeauche\\Documents\\PCBs\\github\\hotplug\\hotplug_board\\relayBoard\\SSR_CHANNEL.sch'], u'5F4245FE': [u'sheet5F4245CB', u'C:\\Users\\rbeauche\\Documents\\PCBs\\github\\hotplug\\hotplug_board\\relayBoard\\relayChannel.sch'], u'5F6754A2': [u'sheet5F67545F', u'C:\\Users\\rbeauche\\Documents\\PCBs\\github\\hotplug\\hotplug_board\\relayBoard\\SSR_CHANNEL.sch'], u'5F424660': [u'sheet5F4245D2', u'C:\\Users\\rbeauche\\Documents\\PCBs\\github\\hotplug\\hotplug_board\\relayBoard\\relayChannel.sch'], u'5F424628': [u'sheet5F4245CE', u'C:\\Users\\rbeauche\\Documents\\PCBs\\github\\hotplug\\hotplug_board\\relayBoard\\relayChannel.sch'], u'5F3CDFAA': [u'sheet5F3CDFA2', u'C:\\Users\\rbeauche\\Documents\\PCBs\\github\\hotplug\\hotplug_board\\relayBoard\\relayChannel.sch'], u'5F6754AE': [u'sheet5F675460', u'C:\\Users\\rbeauche\\Documents\\PCBs\\github\\hotplug\\hotplug_board\\relayBoard\\SSR_CHANNEL.sch'], u'5F42466E': [u'sheet5F4245D3', u'C:\\Users\\rbeauche\\Documents\\PCBs\\github\\hotplug\\hotplug_board\\relayBoard\\relayChannel.sch'], u'5F3C2359': [u'sheet5F3C2351', u'C:\\Users\\rbeauche\\Documents\\PCBs\\github\\hotplug\\hotplug_board\\relayBoard\\relayChannel.sch'], u'5F61C142': [u'sheet5F61C118', u'C:\\Users\\rbeauche\\Documents\\PCBs\\github\\hotplug\\hotplug_board\\relayBoard\\SSR_CHANNEL.sch'], u'5F3D8E29': [u'sheet5F3D8E21', u'C:\\Users\\rbeauche\\Documents\\PCBs\\github\\hotplug\\hotplug_board\\relayBoard\\relayChannel.sch'], u'5F4246CB': [u'sheet5F4245D9', u'C:\\Users\\rbeauche\\Documents\\PCBs\\github\\hotplug\\hotplug_board\\relayBoard\\relayChannel.sch'], u'5F3C7671': [u'sheet5F3C7669', u'C:\\Users\\rbeauche\\Documents\\PCBs\\github\\hotplug\\hotplug_board\\relayBoard\\relayChannel.sch'], u'5F42460C': [u'sheet5F4245CC', u'C:\\Users\\rbeauche\\Documents\\PCBs\\github\\hotplug\\hotplug_board\\relayBoard\\relayChannel.sch'], u'5F3E98AB': [u'sheet5F3E9869', u'C:\\Users\\rbeauche\\Documents\\PCBs\\github\\hotplug\\hotplug_board\\relayBoard\\relayChannel.sch'], u'5F711419': [u'Sheet5F711418', u'C:\\Users\\rbeauche\\Documents\\PCBs\\github\\hotplug\\hotplug_board\\relayBoard\\IO.sch'], u'5F67548A': [u'sheet5F67545D', u'C:\\Users\\rbeauche\\Documents\\PCBs\\github\\hotplug\\hotplug_board\\relayBoard\\SSR_CHANNEL.sch'], u'5F3E9878': [u'sheet5F3E9866', u'C:\\Users\\rbeauche\\Documents\\PCBs\\github\\hotplug\\hotplug_board\\relayBoard\\relayChannel.sch'], u'5F42468A': [u'sheet5F4245D5', u'C:\\Users\\rbeauche\\Documents\\PCBs\\github\\hotplug\\hotplug_board\\relayBoard\\relayChannel.sch'], u'5F3C4958': [u'sheet5F3C4950', u'C:\\Users\\rbeauche\\Documents\\PCBs\\github\\hotplug\\hotplug_board\\relayBoard\\relayChannel.sch'], u'5F4246D9': [u'sheet5F4245DA', u'C:\\Users\\rbeauche\\Documents\\PCBs\\github\\hotplug\\hotplug_board\\relayBoard\\relayChannel.sch'], u'5F61C136': [u'sheet5F61C117', u'C:\\Users\\rbeauche\\Documents\\PCBs\\github\\hotplug\\hotplug_board\\relayBoard\\SSR_CHANNEL.sch'], u'5F6436CE': [u'sheet5F6436C7', u'C:\\Users\\rbeauche\\Documents\\PCBs\\github\\hotplug\\hotplug_board\\relayBoard\\SSR_CHANNEL.sch'], u'5F3C0285': [u'sheet5F3C027D', u'C:\\Users\\rbeauche\\Documents\\PCBs\\github\\hotplug\\hotplug_board\\relayBoard\\relayChannel.sch'], u'5F6436DA': [u'sheet5F6436C8', u'C:\\Users\\rbeauche\\Documents\\PCBs\\github\\hotplug\\hotplug_board\\relayBoard\\SSR_CHANNEL.sch'], u'5F4246F5': [u'sheet5F4245DC', u'C:\\Users\\rbeauche\\Documents\\PCBs\\github\\hotplug\\hotplug_board\\relayBoard\\relayChannel.sch'], u'5F67546B': [u'sheet5F67545B', u'C:\\Users\\rbeauche\\Documents\\PCBs\\github\\hotplug\\hotplug_board\\relayBoard\\SSR_CHANNEL.sch'], u'5F61C11E': [u'sheet5F61C115', u'C:\\Users\\rbeauche\\Documents\\PCBs\\github\\hotplug\\hotplug_board\\relayBoard\\SSR_CHANNEL.sch'], u'5F3CB793': [u'sheet5F3CB78B', u'C:\\Users\\rbeauche\\Documents\\PCBs\\github\\hotplug\\hotplug_board\\relayBoard\\relayChannel.sch'], u'5F4C6A0F': [u'INPUT_2_0', u'C:\\Users\\rbeauche\\Documents\\PCBs\\github\\hotplug\\hotplug_board\\relayBoard\\SSR_CHANNEL.sch'], u'5F3E988F': [u'sheet5F3E9867', u'C:\\Users\\rbeauche\\Documents\\PCBs\\github\\hotplug\\hotplug_board\\relayBoard\\relayChannel.sch'], u'5F6754D2': [u'sheet5F675463', u'C:\\Users\\rbeauche\\Documents\\PCBs\\github\\hotplug\\hotplug_board\\relayBoard\\SSR_CHANNEL.sch'], u'5F424711': [u'sheet5F4245DE', u'C:\\Users\\rbeauche\\Documents\\PCBs\\github\\hotplug\\hotplug_board\\relayBoard\\relayChannel.sch'], u'5F5F7024': [u'sheet5F5F701E', u'C:\\Users\\rbeauche\\Documents\\PCBs\\github\\hotplug\\hotplug_board\\relayBoard\\SSR_CHANNEL.sch'], u'5F3E98F1': [u'sheet5F3E986E', u'C:\\Users\\rbeauche\\Documents\\PCBs\\github\\hotplug\\hotplug_board\\relayBoard\\relayChannel.sch'], u'5F5D40EE': [u'sheet5F5D40E8', u'C:\\Users\\rbeauche\\Documents\\PCBs\\github\\hotplug\\hotplug_board\\relayBoard\\SSR_CHANNEL.sch'], u'5F3E98D5': [u'sheet5F3E986C', u'C:\\Users\\rbeauche\\Documents\\PCBs\\github\\hotplug\\hotplug_board\\relayBoard\\relayChannel.sch'], u'5F424652': [u'sheet5F4245D1', u'C:\\Users\\rbeauche\\Documents\\PCBs\\github\\hotplug\\hotplug_board\\relayBoard\\relayChannel.sch'], u'5F3E98B9': [u'sheet5F3E986A', u'C:\\Users\\rbeauche\\Documents\\PCBs\\github\\hotplug\\hotplug_board\\relayBoard\\relayChannel.sch']}
08-19 15:13:14 replicate_layout.replicatelayout 225:getting a list of all footprints on board
08-19 15:13:14 replicate_layout.action_replicate_layout 370:source anchor footprint is u'K1'
Located on:[u'Channel0']
With filenames:[u'relayChannel.sch']
With sheet_id:[u'Channel0']
08-19 15:13:14 replicate_layout.action_replicate_layout 374:Corresponding footprints are 
[(u'K42', [u'sheet5F4245DE']), (u'K41', [u'sheet5F4245DD']), (u'K40', [u'sheet5F4245DC']), (u'K39', [u'sheet5F4245DB']), (u'K38', [u'sheet5F4245DA']), (u'K37', [u'sheet5F4245D9']), (u'K36', [u'sheet5F4245D8']), (u'K35', [u'sheet5F4245D7']), (u'K34', [u'sheet5F4245D6']), (u'K33', [u'sheet5F4245D5']), (u'K32', [u'sheet5F4245D4']), (u'K31', [u'sheet5F4245D3']), (u'K30', [u'sheet5F4245D2']), (u'K29', [u'sheet5F4245D1']), (u'K28', [u'sheet5F4245D0']), (u'K27', [u'sheet5F4245CF']), (u'K26', [u'sheet5F4245CE']), (u'K25', [u'sheet5F4245CD']), (u'K24', [u'sheet5F4245CC']), (u'K23', [u'sheet5F4245CB']), (u'K22', [u'sheet5F4245CA']), (u'K21', [u'sheet5F3E986F']), (u'K20', [u'sheet5F3E986E']), (u'K19', [u'sheet5F3E986D']), (u'K18', [u'sheet5F3E986C']), (u'K17', [u'sheet5F3E986B']), (u'K16', [u'sheet5F3E986A']), (u'K15', [u'sheet5F3E9869']), (u'K14', [u'sheet5F3E9868']), (u'K13', [u'sheet5F3E9867']), (u'K12', [u'sheet5F3E9866']), (u'K11', [u'sheet5F3D8E21']), (u'K10', [u'sheet5F3CDFA2']), (u'K9', [u'sheet5F3CB78B']), (u'K8', [u'sheet5F3C9486']), (u'K7', [u'sheet5F3C7669']), (u'K6', [u'sheet5F3C5DF4']), (u'K5', [u'sheet5F3C4950']), (u'K4', [u'sheet5F3C2351']), (u'K3', [u'sheet5F3C027D']), (u'K2', [u'sheet5F3BDA77']), (u'K1', [u'Channel0'])]
08-19 15:13:14 replicate_layout.action_replicate_layout 387:Showing dialog
08-19 15:13:14 replicate_layout.action_replicate_layout 391:Pcbnew position: wx.Point(-8, -8)
08-19 15:13:14 replicate_layout.action_replicate_layout 397:Display 0: wx.Rect(0, 0, 1920, 1080)
08-19 15:13:14 replicate_layout.action_replicate_layout 401:Toolbar position: wx.Point(1722, 115)
08-19 15:13:14 replicate_layout.action_replicate_layout 408:Dialog position: wx.Point(1409, 115)
08-19 15:13:19 replicate_layout.replicatelayout 249:construcing a list of sheets suitable for replication on level:u'Channel0', file:u'relayChannel.sch'
08-19 15:13:19 replicate_layout.replicatelayout 256:Source sheet path up to the level:[u'Channel0']
08-19 15:13:19 replicate_layout.replicatelayout 260:Footprints on the sheets:
[u'K42', u'K41', u'K40', u'K39', u'K38', u'K37', u'K36', u'K35', u'K34', u'K33', u'K32', u'K31', u'K30', u'K29', u'K28', u'K27', u'K26', u'K25', u'K24', u'K23', u'K22', u'K21', u'K20', u'K19', u'K18', u'K17', u'K16', u'K15', u'K14', u'K13', u'K12', u'K11', u'K10', u'K9', u'K8', u'K7', u'K6', u'K5', u'K4', u'K3', u'K2', u'K1']
08-19 15:13:19 replicate_layout.replicatelayout 263:Footprints raw sheet ids:
[u'/5F424711/5CDFE5C3', u'/5F424703/5CDFE5C3', u'/5F4246F5/5CDFE5C3', u'/5F4246E7/5CDFE5C3', u'/5F4246D9/5CDFE5C3', u'/5F4246CB/5CDFE5C3', u'/5F4246BD/5CDFE5C3', u'/5F4246AF/5CDFE5C3', u'/5F4246A1/5CDFE5C3', u'/5F42468A/5CDFE5C3', u'/5F42467C/5CDFE5C3', u'/5F42466E/5CDFE5C3', u'/5F424660/5CDFE5C3', u'/5F424652/5CDFE5C3', u'/5F424644/5CDFE5C3', u'/5F424636/5CDFE5C3', u'/5F424628/5CDFE5C3', u'/5F42461A/5CDFE5C3', u'/5F42460C/5CDFE5C3', u'/5F4245FE/5CDFE5C3', u'/5F4245E7/5CDFE5C3', u'/5F3E98FF/5CDFE5C3', u'/5F3E98F1/5CDFE5C3', u'/5F3E98E3/5CDFE5C3', u'/5F3E98D5/5CDFE5C3', u'/5F3E98C7/5CDFE5C3', u'/5F3E98B9/5CDFE5C3', u'/5F3E98AB/5CDFE5C3', u'/5F3E989D/5CDFE5C3', u'/5F3E988F/5CDFE5C3', u'/5F3E9878/5CDFE5C3', u'/5F3D8E29/5CDFE5C3', u'/5F3CDFAA/5CDFE5C3', u'/5F3CB793/5CDFE5C3', u'/5F3C948E/5CDFE5C3', u'/5F3C7671/5CDFE5C3', u'/5F3C5DFC/5CDFE5C3', u'/5F3C4958/5CDFE5C3', u'/5F3C2359/5CDFE5C3', u'/5F3C0285/5CDFE5C3', u'/5F3BDA7F/5CDFE5C3', u'/5CDBA1F6/5CDFE5C3']
08-19 15:13:19 replicate_layout.replicatelayout 279:All sheets to replicate:
[[u'sheet5F4245DE'], [u'sheet5F4245DD'], [u'sheet5F4245DC'], [u'sheet5F4245DB'], [u'sheet5F4245DA'], [u'sheet5F4245D9'], [u'sheet5F4245D8'], [u'sheet5F4245D7'], [u'sheet5F4245D6'], [u'sheet5F4245D5'], [u'sheet5F4245D4'], [u'sheet5F4245D3'], [u'sheet5F4245D2'], [u'sheet5F4245D1'], [u'sheet5F4245D0'], [u'sheet5F4245CF'], [u'sheet5F4245CE'], [u'sheet5F4245CD'], [u'sheet5F4245CC'], [u'sheet5F4245CB'], [u'sheet5F4245CA'], [u'sheet5F3E986F'], [u'sheet5F3E986E'], [u'sheet5F3E986D'], [u'sheet5F3E986C'], [u'sheet5F3E986B'], [u'sheet5F3E986A'], [u'sheet5F3E9869'], [u'sheet5F3E9868'], [u'sheet5F3E9867'], [u'sheet5F3E9866'], [u'sheet5F3D8E21'], [u'sheet5F3CDFA2'], [u'sheet5F3CB78B'], [u'sheet5F3C9486'], [u'sheet5F3C7669'], [u'sheet5F3C5DF4'], [u'sheet5F3C4950'], [u'sheet5F3C2351'], [u'sheet5F3C027D'], [u'sheet5F3BDA77'], [u'Channel0']]
08-19 15:13:19 replicate_layout.replicatelayout 284:All sheets to replicate sorted:
[[u'Channel0'], [u'sheet5F3BDA77'], [u'sheet5F3C027D'], [u'sheet5F3C2351'], [u'sheet5F3C4950'], [u'sheet5F3C5DF4'], [u'sheet5F3C7669'], [u'sheet5F3C9486'], [u'sheet5F3CB78B'], [u'sheet5F3CDFA2'], [u'sheet5F3D8E21'], [u'sheet5F3E9866'], [u'sheet5F3E9867'], [u'sheet5F3E9868'], [u'sheet5F3E9869'], [u'sheet5F3E986A'], [u'sheet5F3E986B'], [u'sheet5F3E986C'], [u'sheet5F3E986D'], [u'sheet5F3E986E'], [u'sheet5F3E986F'], [u'sheet5F4245CA'], [u'sheet5F4245CB'], [u'sheet5F4245CC'], [u'sheet5F4245CD'], [u'sheet5F4245CE'], [u'sheet5F4245CF'], [u'sheet5F4245D0'], [u'sheet5F4245D1'], [u'sheet5F4245D2'], [u'sheet5F4245D3'], [u'sheet5F4245D4'], [u'sheet5F4245D5'], [u'sheet5F4245D6'], [u'sheet5F4245D7'], [u'sheet5F4245D8'], [u'sheet5F4245D9'], [u'sheet5F4245DA'], [u'sheet5F4245DB'], [u'sheet5F4245DC'], [u'sheet5F4245DD'], [u'sheet5F4245DE']]
08-19 15:13:19 replicate_layout.replicatelayout 290:All sheets to replicate sorted and without source sheet:
[[u'sheet5F3BDA77'], [u'sheet5F3C027D'], [u'sheet5F3C2351'], [u'sheet5F3C4950'], [u'sheet5F3C5DF4'], [u'sheet5F3C7669'], [u'sheet5F3C9486'], [u'sheet5F3CB78B'], [u'sheet5F3CDFA2'], [u'sheet5F3D8E21'], [u'sheet5F3E9866'], [u'sheet5F3E9867'], [u'sheet5F3E9868'], [u'sheet5F3E9869'], [u'sheet5F3E986A'], [u'sheet5F3E986B'], [u'sheet5F3E986C'], [u'sheet5F3E986D'], [u'sheet5F3E986E'], [u'sheet5F3E986F'], [u'sheet5F4245CA'], [u'sheet5F4245CB'], [u'sheet5F4245CC'], [u'sheet5F4245CD'], [u'sheet5F4245CE'], [u'sheet5F4245CF'], [u'sheet5F4245D0'], [u'sheet5F4245D1'], [u'sheet5F4245D2'], [u'sheet5F4245D3'], [u'sheet5F4245D4'], [u'sheet5F4245D5'], [u'sheet5F4245D6'], [u'sheet5F4245D7'], [u'sheet5F4245D8'], [u'sheet5F4245D9'], [u'sheet5F4245DA'], [u'sheet5F4245DB'], [u'sheet5F4245DC'], [u'sheet5F4245DD'], [u'sheet5F4245DE']]
08-19 15:13:48 replicate_layout.replicatelayout 249:construcing a list of sheets suitable for replication on level:u'Channel0', file:u'relayChannel.sch'
08-19 15:13:48 replicate_layout.replicatelayout 256:Source sheet path up to the level:[u'Channel0']
08-19 15:13:48 replicate_layout.replicatelayout 260:Footprints on the sheets:
[u'K42', u'K41', u'K40', u'K39', u'K38', u'K37', u'K36', u'K35', u'K34', u'K33', u'K32', u'K31', u'K30', u'K29', u'K28', u'K27', u'K26', u'K25', u'K24', u'K23', u'K22', u'K21', u'K20', u'K19', u'K18', u'K17', u'K16', u'K15', u'K14', u'K13', u'K12', u'K11', u'K10', u'K9', u'K8', u'K7', u'K6', u'K5', u'K4', u'K3', u'K2', u'K1']
08-19 15:13:48 replicate_layout.replicatelayout 263:Footprints raw sheet ids:
[u'/5F424711/5CDFE5C3', u'/5F424703/5CDFE5C3', u'/5F4246F5/5CDFE5C3', u'/5F4246E7/5CDFE5C3', u'/5F4246D9/5CDFE5C3', u'/5F4246CB/5CDFE5C3', u'/5F4246BD/5CDFE5C3', u'/5F4246AF/5CDFE5C3', u'/5F4246A1/5CDFE5C3', u'/5F42468A/5CDFE5C3', u'/5F42467C/5CDFE5C3', u'/5F42466E/5CDFE5C3', u'/5F424660/5CDFE5C3', u'/5F424652/5CDFE5C3', u'/5F424644/5CDFE5C3', u'/5F424636/5CDFE5C3', u'/5F424628/5CDFE5C3', u'/5F42461A/5CDFE5C3', u'/5F42460C/5CDFE5C3', u'/5F4245FE/5CDFE5C3', u'/5F4245E7/5CDFE5C3', u'/5F3E98FF/5CDFE5C3', u'/5F3E98F1/5CDFE5C3', u'/5F3E98E3/5CDFE5C3', u'/5F3E98D5/5CDFE5C3', u'/5F3E98C7/5CDFE5C3', u'/5F3E98B9/5CDFE5C3', u'/5F3E98AB/5CDFE5C3', u'/5F3E989D/5CDFE5C3', u'/5F3E988F/5CDFE5C3', u'/5F3E9878/5CDFE5C3', u'/5F3D8E29/5CDFE5C3', u'/5F3CDFAA/5CDFE5C3', u'/5F3CB793/5CDFE5C3', u'/5F3C948E/5CDFE5C3', u'/5F3C7671/5CDFE5C3', u'/5F3C5DFC/5CDFE5C3', u'/5F3C4958/5CDFE5C3', u'/5F3C2359/5CDFE5C3', u'/5F3C0285/5CDFE5C3', u'/5F3BDA7F/5CDFE5C3', u'/5CDBA1F6/5CDFE5C3']
08-19 15:13:48 replicate_layout.replicatelayout 279:All sheets to replicate:
[[u'sheet5F4245DE'], [u'sheet5F4245DD'], [u'sheet5F4245DC'], [u'sheet5F4245DB'], [u'sheet5F4245DA'], [u'sheet5F4245D9'], [u'sheet5F4245D8'], [u'sheet5F4245D7'], [u'sheet5F4245D6'], [u'sheet5F4245D5'], [u'sheet5F4245D4'], [u'sheet5F4245D3'], [u'sheet5F4245D2'], [u'sheet5F4245D1'], [u'sheet5F4245D0'], [u'sheet5F4245CF'], [u'sheet5F4245CE'], [u'sheet5F4245CD'], [u'sheet5F4245CC'], [u'sheet5F4245CB'], [u'sheet5F4245CA'], [u'sheet5F3E986F'], [u'sheet5F3E986E'], [u'sheet5F3E986D'], [u'sheet5F3E986C'], [u'sheet5F3E986B'], [u'sheet5F3E986A'], [u'sheet5F3E9869'], [u'sheet5F3E9868'], [u'sheet5F3E9867'], [u'sheet5F3E9866'], [u'sheet5F3D8E21'], [u'sheet5F3CDFA2'], [u'sheet5F3CB78B'], [u'sheet5F3C9486'], [u'sheet5F3C7669'], [u'sheet5F3C5DF4'], [u'sheet5F3C4950'], [u'sheet5F3C2351'], [u'sheet5F3C027D'], [u'sheet5F3BDA77'], [u'Channel0']]
08-19 15:13:48 replicate_layout.replicatelayout 284:All sheets to replicate sorted:
[[u'Channel0'], [u'sheet5F3BDA77'], [u'sheet5F3C027D'], [u'sheet5F3C2351'], [u'sheet5F3C4950'], [u'sheet5F3C5DF4'], [u'sheet5F3C7669'], [u'sheet5F3C9486'], [u'sheet5F3CB78B'], [u'sheet5F3CDFA2'], [u'sheet5F3D8E21'], [u'sheet5F3E9866'], [u'sheet5F3E9867'], [u'sheet5F3E9868'], [u'sheet5F3E9869'], [u'sheet5F3E986A'], [u'sheet5F3E986B'], [u'sheet5F3E986C'], [u'sheet5F3E986D'], [u'sheet5F3E986E'], [u'sheet5F3E986F'], [u'sheet5F4245CA'], [u'sheet5F4245CB'], [u'sheet5F4245CC'], [u'sheet5F4245CD'], [u'sheet5F4245CE'], [u'sheet5F4245CF'], [u'sheet5F4245D0'], [u'sheet5F4245D1'], [u'sheet5F4245D2'], [u'sheet5F4245D3'], [u'sheet5F4245D4'], [u'sheet5F4245D5'], [u'sheet5F4245D6'], [u'sheet5F4245D7'], [u'sheet5F4245D8'], [u'sheet5F4245D9'], [u'sheet5F4245DA'], [u'sheet5F4245DB'], [u'sheet5F4245DC'], [u'sheet5F4245DD'], [u'sheet5F4245DE']]
08-19 15:13:48 replicate_layout.replicatelayout 290:All sheets to replicate sorted and without source sheet:
[[u'sheet5F3BDA77'], [u'sheet5F3C027D'], [u'sheet5F3C2351'], [u'sheet5F3C4950'], [u'sheet5F3C5DF4'], [u'sheet5F3C7669'], [u'sheet5F3C9486'], [u'sheet5F3CB78B'], [u'sheet5F3CDFA2'], [u'sheet5F3D8E21'], [u'sheet5F3E9866'], [u'sheet5F3E9867'], [u'sheet5F3E9868'], [u'sheet5F3E9869'], [u'sheet5F3E986A'], [u'sheet5F3E986B'], [u'sheet5F3E986C'], [u'sheet5F3E986D'], [u'sheet5F3E986E'], [u'sheet5F3E986F'], [u'sheet5F4245CA'], [u'sheet5F4245CB'], [u'sheet5F4245CC'], [u'sheet5F4245CD'], [u'sheet5F4245CE'], [u'sheet5F4245CF'], [u'sheet5F4245D0'], [u'sheet5F4245D1'], [u'sheet5F4245D2'], [u'sheet5F4245D3'], [u'sheet5F4245D4'], [u'sheet5F4245D5'], [u'sheet5F4245D6'], [u'sheet5F4245D7'], [u'sheet5F4245D8'], [u'sheet5F4245D9'], [u'sheet5F4245DA'], [u'sheet5F4245DB'], [u'sheet5F4245DC'], [u'sheet5F4245DD'], [u'sheet5F4245DE']]
08-19 15:13:48 replicate_layout.action_replicate_layout 179:Replicating layout
08-19 15:13:48 replicate_layout.replicatelayout 990:Starting replication of sheets: [[u'sheet5F3BDA77'], [u'sheet5F3C027D'], [u'sheet5F3C2351'], [u'sheet5F3C4950'], [u'sheet5F3C5DF4'], [u'sheet5F3C7669'], [u'sheet5F3C9486'], [u'sheet5F3CB78B'], [u'sheet5F3CDFA2'], [u'sheet5F3D8E21'], [u'sheet5F3E9866'], [u'sheet5F3E9867'], [u'sheet5F3E9868'], [u'sheet5F3E9869'], [u'sheet5F3E986A'], [u'sheet5F3E986B'], [u'sheet5F3E986C'], [u'sheet5F3E986D'], [u'sheet5F3E986E'], [u'sheet5F3E986F'], [u'sheet5F4245CA'], [u'sheet5F4245CB'], [u'sheet5F4245CC'], [u'sheet5F4245CD'], [u'sheet5F4245CE'], [u'sheet5F4245CF'], [u'sheet5F4245D0'], [u'sheet5F4245D1'], [u'sheet5F4245D2'], [u'sheet5F4245D3'], [u'sheet5F4245D4'], [u'sheet5F4245D5'], [u'sheet5F4245D6'], [u'sheet5F4245D7'], [u'sheet5F4245D8'], [u'sheet5F4245D9'], [u'sheet5F4245DA'], [u'sheet5F4245DB'], [u'sheet5F4245DC'], [u'sheet5F4245DD'], [u'sheet5F4245DE']]
on level: [u'Channel0']
with tracks=True, zone=True, text=True, containing=True, remove=True, locked=False
08-19 15:13:48 root 261:updating GUI message: 'Preparing for replication'
08-19 15:13:48 root 266:updating GUI with: 0
08-19 15:13:48 replicate_layout.replicatelayout 556:Getting the list of source footprints
08-19 15:13:48 replicate_layout.replicatelayout 560:Getting the list of all the remaining footprints
08-19 15:13:48 replicate_layout.replicatelayout 564:Getting nets local to source footprints
08-19 15:13:48 replicate_layout.replicatelayout 568:Getting source bounding box
08-19 15:13:48 root 266:updating GUI with: 37
08-19 15:13:48 replicate_layout.replicatelayout 572:Getting source tracks
08-19 15:13:48 replicate_layout.replicatelayout 576:Getting source zones
08-19 15:13:48 root 266:updating GUI with: 62
08-19 15:13:48 replicate_layout.replicatelayout 580:Getting source text items
08-19 15:13:48 replicate_layout.replicatelayout 584:Getting source text items
08-19 15:13:48 replicate_layout.replicatelayout 1018:Removing tracks and zones, before module placement
08-19 15:13:48 root 261:updating GUI message: 'Removing zones and tracks'
08-19 15:13:49 root 266:updating GUI with: 2
08-19 15:13:49 root 266:updating GUI with: 4
08-19 15:13:49 root 266:updating GUI with: 7
08-19 15:13:49 root 266:updating GUI with: 9
08-19 15:13:49 root 266:updating GUI with: 12
08-19 15:13:49 root 266:updating GUI with: 14
08-19 15:13:50 root 266:updating GUI with: 17
08-19 15:13:50 root 266:updating GUI with: 19
08-19 15:13:50 root 266:updating GUI with: 21
08-19 15:13:50 root 266:updating GUI with: 24
08-19 15:13:50 root 266:updating GUI with: 26
08-19 15:13:50 root 266:updating GUI with: 29
08-19 15:13:50 root 266:updating GUI with: 31
08-19 15:13:51 root 266:updating GUI with: 34
08-19 15:13:51 root 266:updating GUI with: 36
08-19 15:13:51 root 266:updating GUI with: 39
08-19 15:13:51 root 266:updating GUI with: 41
08-19 15:13:51 root 266:updating GUI with: 43
08-19 15:13:51 root 266:updating GUI with: 46
08-19 15:13:51 root 266:updating GUI with: 48
08-19 15:13:52 root 266:updating GUI with: 51
08-19 15:13:52 root 266:updating GUI with: 53
08-19 15:13:52 root 266:updating GUI with: 56
08-19 15:13:52 root 266:updating GUI with: 58
08-19 15:13:52 root 266:updating GUI with: 60
08-19 15:13:52 root 266:updating GUI with: 63
08-19 15:13:52 root 266:updating GUI with: 65
08-19 15:13:52 root 266:updating GUI with: 68
08-19 15:13:52 root 266:updating GUI with: 70
08-19 15:13:53 root 266:updating GUI with: 73
08-19 15:13:53 root 266:updating GUI with: 75
08-19 15:13:53 root 266:updating GUI with: 78
08-19 15:13:53 root 266:updating GUI with: 80
08-19 15:13:53 root 266:updating GUI with: 82
08-19 15:13:53 root 266:updating GUI with: 85
08-19 15:13:53 root 266:updating GUI with: 87
08-19 15:13:53 root 266:updating GUI with: 90
08-19 15:13:54 root 266:updating GUI with: 92
08-19 15:13:54 root 266:updating GUI with: 95
08-19 15:13:54 root 266:updating GUI with: 97
08-19 15:13:54 root 261:updating GUI message: 'Replicating footprints'
08-19 15:13:54 root 266:updating GUI with: 0
08-19 15:13:54 replicate_layout.replicatelayout 590:Replicating footprints
08-19 15:13:54 replicate_layout.replicatelayout 596:Replicating footprints on sheet [u'sheet5F3BDA77']
08-19 15:13:54 replicate_layout.replicatelayout 596:Replicating footprints on sheet [u'sheet5F3C027D']
08-19 15:13:54 root 266:updating GUI with: 2
08-19 15:13:54 replicate_layout.replicatelayout 596:Replicating footprints on sheet [u'sheet5F3C2351']
08-19 15:13:54 root 266:updating GUI with: 5
08-19 15:13:54 replicate_layout.replicatelayout 596:Replicating footprints on sheet [u'sheet5F3C4950']
08-19 15:13:54 root 266:updating GUI with: 9
08-19 15:13:54 replicate_layout.replicatelayout 596:Replicating footprints on sheet [u'sheet5F3C5DF4']
08-19 15:13:54 replicate_layout.replicatelayout 596:Replicating footprints on sheet [u'sheet5F3C7669']
08-19 15:13:54 root 266:updating GUI with: 12
08-19 15:13:54 replicate_layout.replicatelayout 596:Replicating footprints on sheet [u'sheet5F3C9486']
08-19 15:13:54 root 266:updating GUI with: 15
08-19 15:13:54 replicate_layout.replicatelayout 596:Replicating footprints on sheet [u'sheet5F3CB78B']
08-19 15:13:54 root 266:updating GUI with: 19
08-19 15:13:54 replicate_layout.replicatelayout 596:Replicating footprints on sheet [u'sheet5F3CDFA2']
08-19 15:13:54 replicate_layout.replicatelayout 596:Replicating footprints on sheet [u'sheet5F3D8E21']
08-19 15:13:54 root 266:updating GUI with: 22
08-19 15:13:54 replicate_layout.replicatelayout 596:Replicating footprints on sheet [u'sheet5F3E9866']
08-19 15:13:54 root 266:updating GUI with: 25
08-19 15:13:54 replicate_layout.replicatelayout 596:Replicating footprints on sheet [u'sheet5F3E9867']
08-19 15:13:54 root 266:updating GUI with: 28
08-19 15:13:54 replicate_layout.replicatelayout 596:Replicating footprints on sheet [u'sheet5F3E9868']
08-19 15:13:54 root 266:updating GUI with: 31
08-19 15:13:54 replicate_layout.replicatelayout 596:Replicating footprints on sheet [u'sheet5F3E9869']
08-19 15:13:54 replicate_layout.replicatelayout 596:Replicating footprints on sheet [u'sheet5F3E986A']
08-19 15:13:54 root 266:updating GUI with: 35
08-19 15:13:54 replicate_layout.replicatelayout 596:Replicating footprints on sheet [u'sheet5F3E986B']
08-19 15:13:54 root 266:updating GUI with: 38
08-19 15:13:54 replicate_layout.replicatelayout 596:Replicating footprints on sheet [u'sheet5F3E986C']
08-19 15:13:54 replicate_layout.replicatelayout 596:Replicating footprints on sheet [u'sheet5F3E986D']
08-19 15:13:54 root 266:updating GUI with: 41
08-19 15:13:54 replicate_layout.replicatelayout 596:Replicating footprints on sheet [u'sheet5F3E986E']
08-19 15:13:54 root 266:updating GUI with: 44
08-19 15:13:54 replicate_layout.replicatelayout 596:Replicating footprints on sheet [u'sheet5F3E986F']
08-19 15:13:54 root 266:updating GUI with: 48
08-19 15:13:54 replicate_layout.replicatelayout 596:Replicating footprints on sheet [u'sheet5F4245CA']
08-19 15:13:54 replicate_layout.replicatelayout 596:Replicating footprints on sheet [u'sheet5F4245CB']
08-19 15:13:54 root 266:updating GUI with: 51
08-19 15:13:54 replicate_layout.replicatelayout 596:Replicating footprints on sheet [u'sheet5F4245CC']
08-19 15:13:54 root 266:updating GUI with: 55
08-19 15:13:54 replicate_layout.replicatelayout 596:Replicating footprints on sheet [u'sheet5F4245CD']
08-19 15:13:54 root 266:updating GUI with: 58
08-19 15:13:54 replicate_layout.replicatelayout 596:Replicating footprints on sheet [u'sheet5F4245CE']
08-19 15:13:54 replicate_layout.replicatelayout 596:Replicating footprints on sheet [u'sheet5F4245CF']
08-19 15:13:54 root 266:updating GUI with: 62
08-19 15:13:54 replicate_layout.replicatelayout 596:Replicating footprints on sheet [u'sheet5F4245D0']
08-19 15:13:54 root 266:updating GUI with: 65
08-19 15:13:54 replicate_layout.replicatelayout 596:Replicating footprints on sheet [u'sheet5F4245D1']
08-19 15:13:54 replicate_layout.replicatelayout 596:Replicating footprints on sheet [u'sheet5F4245D2']
08-19 15:13:54 root 266:updating GUI with: 68
08-19 15:13:54 replicate_layout.replicatelayout 596:Replicating footprints on sheet [u'sheet5F4245D3']
08-19 15:13:54 root 266:updating GUI with: 72
08-19 15:13:54 replicate_layout.replicatelayout 596:Replicating footprints on sheet [u'sheet5F4245D4']
08-19 15:13:54 root 266:updating GUI with: 75
08-19 15:13:54 replicate_layout.replicatelayout 596:Replicating footprints on sheet [u'sheet5F4245D5']
08-19 15:13:54 replicate_layout.replicatelayout 596:Replicating footprints on sheet [u'sheet5F4245D6']
08-19 15:13:54 root 266:updating GUI with: 78
08-19 15:13:54 replicate_layout.replicatelayout 596:Replicating footprints on sheet [u'sheet5F4245D7']
08-19 15:13:54 root 266:updating GUI with: 82
08-19 15:13:54 replicate_layout.replicatelayout 596:Replicating footprints on sheet [u'sheet5F4245D8']
08-19 15:13:54 root 266:updating GUI with: 85
08-19 15:13:54 replicate_layout.replicatelayout 596:Replicating footprints on sheet [u'sheet5F4245D9']
08-19 15:13:54 replicate_layout.replicatelayout 596:Replicating footprints on sheet [u'sheet5F4245DA']
08-19 15:13:54 root 266:updating GUI with: 88
08-19 15:13:54 replicate_layout.replicatelayout 596:Replicating footprints on sheet [u'sheet5F4245DB']
08-19 15:13:54 root 266:updating GUI with: 92
08-19 15:13:54 replicate_layout.replicatelayout 596:Replicating footprints on sheet [u'sheet5F4245DC']
08-19 15:13:54 root 266:updating GUI with: 95
08-19 15:13:54 replicate_layout.replicatelayout 596:Replicating footprints on sheet [u'sheet5F4245DD']
08-19 15:13:54 replicate_layout.replicatelayout 596:Replicating footprints on sheet [u'sheet5F4245DE']
08-19 15:13:54 root 266:updating GUI with: 98
08-19 15:13:54 replicate_layout.replicatelayout 1026:Removing tracks and zones, after module placement
08-19 15:13:54 root 261:updating GUI message: 'Removing zones and tracks'
08-19 15:13:54 root 266:updating GUI with: 2
08-19 15:13:54 root 266:updating GUI with: 4
08-19 15:13:54 root 266:updating GUI with: 7
08-19 15:13:54 root 266:updating GUI with: 9
08-19 15:13:55 root 266:updating GUI with: 12
08-19 15:13:55 root 266:updating GUI with: 14
08-19 15:13:55 root 266:updating GUI with: 17
08-19 15:13:55 root 266:updating GUI with: 19
08-19 15:13:55 root 266:updating GUI with: 21
08-19 15:13:55 root 266:updating GUI with: 24
08-19 15:13:55 root 266:updating GUI with: 26
08-19 15:13:55 root 266:updating GUI with: 29
08-19 15:13:55 root 266:updating GUI with: 31
08-19 15:13:55 root 266:updating GUI with: 34
08-19 15:13:56 root 266:updating GUI with: 36
08-19 15:13:56 root 266:updating GUI with: 39
08-19 15:13:56 root 266:updating GUI with: 41
08-19 15:13:56 root 266:updating GUI with: 43
08-19 15:13:56 root 266:updating GUI with: 46
08-19 15:13:56 root 266:updating GUI with: 48
08-19 15:13:56 root 266:updating GUI with: 51
08-19 15:13:56 root 266:updating GUI with: 53
08-19 15:13:56 root 266:updating GUI with: 56
08-19 15:13:56 root 266:updating GUI with: 58
08-19 15:13:56 root 266:updating GUI with: 60
08-19 15:13:57 root 266:updating GUI with: 63
08-19 15:13:57 root 266:updating GUI with: 65
08-19 15:13:57 root 266:updating GUI with: 68
08-19 15:13:57 root 266:updating GUI with: 70
08-19 15:13:57 root 266:updating GUI with: 73
08-19 15:13:57 root 266:updating GUI with: 75
08-19 15:13:57 root 266:updating GUI with: 78
08-19 15:13:57 root 266:updating GUI with: 80
08-19 15:13:57 root 266:updating GUI with: 82
08-19 15:13:57 root 266:updating GUI with: 85
08-19 15:13:57 root 266:updating GUI with: 87
08-19 15:13:58 root 266:updating GUI with: 90
08-19 15:13:58 root 266:updating GUI with: 92
08-19 15:13:58 root 266:updating GUI with: 95
08-19 15:13:58 root 266:updating GUI with: 97
08-19 15:13:58 root 261:updating GUI message: 'Replicating tracks'
08-19 15:13:58 root 266:updating GUI with: 0
08-19 15:13:58 replicate_layout.replicatelayout 716:Replicating tracks
08-19 15:13:58 replicate_layout.replicatelayout 722:Replicating tracks on sheet [u'sheet5F3BDA77']
08-19 15:13:58 replicate_layout.replicatelayout 722:Replicating tracks on sheet [u'sheet5F3C027D']
08-19 15:13:58 replicate_layout.replicatelayout 722:Replicating tracks on sheet [u'sheet5F3C2351']
08-19 15:13:58 root 266:updating GUI with: 4
08-19 15:13:58 replicate_layout.replicatelayout 722:Replicating tracks on sheet [u'sheet5F3C4950']
08-19 15:13:58 replicate_layout.replicatelayout 722:Replicating tracks on sheet [u'sheet5F3C5DF4']
08-19 15:13:58 root 266:updating GUI with: 9
08-19 15:13:58 replicate_layout.replicatelayout 722:Replicating tracks on sheet [u'sheet5F3C7669']
08-19 15:13:58 replicate_layout.replicatelayout 722:Replicating tracks on sheet [u'sheet5F3C9486']
08-19 15:13:58 root 266:updating GUI with: 16
08-19 15:13:58 replicate_layout.replicatelayout 722:Replicating tracks on sheet [u'sheet5F3CB78B']
08-19 15:13:58 replicate_layout.replicatelayout 722:Replicating tracks on sheet [u'sheet5F3CDFA2']
08-19 15:13:58 root 266:updating GUI with: 21
08-19 15:13:58 replicate_layout.replicatelayout 722:Replicating tracks on sheet [u'sheet5F3D8E21']
08-19 15:13:58 replicate_layout.replicatelayout 722:Replicating tracks on sheet [u'sheet5F3E9866']
08-19 15:13:58 replicate_layout.replicatelayout 722:Replicating tracks on sheet [u'sheet5F3E9867']
08-19 15:13:58 root 266:updating GUI with: 26
08-19 15:13:58 replicate_layout.replicatelayout 722:Replicating tracks on sheet [u'sheet5F3E9868']
08-19 15:13:58 replicate_layout.replicatelayout 722:Replicating tracks on sheet [u'sheet5F3E9869']
08-19 15:13:58 root 266:updating GUI with: 31
08-19 15:13:58 replicate_layout.replicatelayout 722:Replicating tracks on sheet [u'sheet5F3E986A']
08-19 15:13:58 replicate_layout.replicatelayout 722:Replicating tracks on sheet [u'sheet5F3E986B']
08-19 15:13:58 root 266:updating GUI with: 36
08-19 15:13:58 replicate_layout.replicatelayout 722:Replicating tracks on sheet [u'sheet5F3E986C']
08-19 15:13:58 replicate_layout.replicatelayout 722:Replicating tracks on sheet [u'sheet5F3E986D']
08-19 15:13:58 root 266:updating GUI with: 41
08-19 15:13:58 replicate_layout.replicatelayout 722:Replicating tracks on sheet [u'sheet5F3E986E']
08-19 15:13:58 replicate_layout.replicatelayout 722:Replicating tracks on sheet [u'sheet5F3E986F']
08-19 15:13:58 root 266:updating GUI with: 46
08-19 15:13:58 replicate_layout.replicatelayout 722:Replicating tracks on sheet [u'sheet5F4245CA']
08-19 15:13:58 replicate_layout.replicatelayout 722:Replicating tracks on sheet [u'sheet5F4245CB']
08-19 15:13:58 root 266:updating GUI with: 51
08-19 15:13:58 replicate_layout.replicatelayout 722:Replicating tracks on sheet [u'sheet5F4245CC']
08-19 15:13:58 replicate_layout.replicatelayout 722:Replicating tracks on sheet [u'sheet5F4245CD']
08-19 15:13:58 root 266:updating GUI with: 56
08-19 15:13:58 replicate_layout.replicatelayout 722:Replicating tracks on sheet [u'sheet5F4245CE']
08-19 15:13:58 replicate_layout.replicatelayout 722:Replicating tracks on sheet [u'sheet5F4245CF']
08-19 15:13:58 root 266:updating GUI with: 61
08-19 15:13:58 replicate_layout.replicatelayout 722:Replicating tracks on sheet [u'sheet5F4245D0']
08-19 15:13:58 replicate_layout.replicatelayout 722:Replicating tracks on sheet [u'sheet5F4245D1']
08-19 15:13:58 root 266:updating GUI with: 65
08-19 15:13:58 replicate_layout.replicatelayout 722:Replicating tracks on sheet [u'sheet5F4245D2']
08-19 15:13:58 replicate_layout.replicatelayout 722:Replicating tracks on sheet [u'sheet5F4245D3']
08-19 15:13:58 root 266:updating GUI with: 70
08-19 15:13:58 replicate_layout.replicatelayout 722:Replicating tracks on sheet [u'sheet5F4245D4']
08-19 15:13:58 replicate_layout.replicatelayout 722:Replicating tracks on sheet [u'sheet5F4245D5']
08-19 15:13:58 root 266:updating GUI with: 76
08-19 15:13:58 replicate_layout.replicatelayout 722:Replicating tracks on sheet [u'sheet5F4245D6']
08-19 15:13:58 replicate_layout.replicatelayout 722:Replicating tracks on sheet [u'sheet5F4245D7']
08-19 15:13:58 root 266:updating GUI with: 80
08-19 15:13:58 replicate_layout.replicatelayout 722:Replicating tracks on sheet [u'sheet5F4245D8']
08-19 15:13:58 replicate_layout.replicatelayout 722:Replicating tracks on sheet [u'sheet5F4245D9']
08-19 15:13:58 root 266:updating GUI with: 85
08-19 15:13:58 replicate_layout.replicatelayout 722:Replicating tracks on sheet [u'sheet5F4245DA']
08-19 15:13:58 replicate_layout.replicatelayout 722:Replicating tracks on sheet [u'sheet5F4245DB']
08-19 15:13:58 root 266:updating GUI with: 90
08-19 15:13:58 replicate_layout.replicatelayout 722:Replicating tracks on sheet [u'sheet5F4245DC']
08-19 15:13:58 replicate_layout.replicatelayout 722:Replicating tracks on sheet [u'sheet5F4245DD']
08-19 15:13:58 root 266:updating GUI with: 96
08-19 15:13:58 replicate_layout.replicatelayout 722:Replicating tracks on sheet [u'sheet5F4245DE']
08-19 15:13:58 root 261:updating GUI message: 'Replicating zones'
08-19 15:13:58 replicate_layout.replicatelayout 767:Replicating zones
08-19 15:13:58 replicate_layout.replicatelayout 774:Replicating zones on sheet [u'sheet5F3BDA77']
08-19 15:13:58 replicate_layout.replicatelayout 774:Replicating zones on sheet [u'sheet5F3C027D']
08-19 15:13:58 root 266:updating GUI with: 4
08-19 15:13:58 replicate_layout.replicatelayout 774:Replicating zones on sheet [u'sheet5F3C2351']
08-19 15:13:58 replicate_layout.replicatelayout 774:Replicating zones on sheet [u'sheet5F3C4950']
08-19 15:13:58 replicate_layout.replicatelayout 774:Replicating zones on sheet [u'sheet5F3C5DF4']
08-19 15:13:58 root 266:updating GUI with: 12
08-19 15:13:58 replicate_layout.replicatelayout 774:Replicating zones on sheet [u'sheet5F3C7669']
08-19 15:13:58 replicate_layout.replicatelayout 774:Replicating zones on sheet [u'sheet5F3C9486']
08-19 15:13:58 replicate_layout.replicatelayout 774:Replicating zones on sheet [u'sheet5F3CB78B']
08-19 15:13:58 root 266:updating GUI with: 19
08-19 15:13:58 replicate_layout.replicatelayout 774:Replicating zones on sheet [u'sheet5F3CDFA2']
08-19 15:13:58 replicate_layout.replicatelayout 774:Replicating zones on sheet [u'sheet5F3D8E21']
08-19 15:13:58 replicate_layout.replicatelayout 774:Replicating zones on sheet [u'sheet5F3E9866']
08-19 15:13:58 root 266:updating GUI with: 26
08-19 15:13:58 replicate_layout.replicatelayout 774:Replicating zones on sheet [u'sheet5F3E9867']
08-19 15:13:58 replicate_layout.replicatelayout 774:Replicating zones on sheet [u'sheet5F3E9868']
08-19 15:13:58 replicate_layout.replicatelayout 774:Replicating zones on sheet [u'sheet5F3E9869']
08-19 15:13:58 root 266:updating GUI with: 34
08-19 15:13:58 replicate_layout.replicatelayout 774:Replicating zones on sheet [u'sheet5F3E986A']
08-19 15:13:58 replicate_layout.replicatelayout 774:Replicating zones on sheet [u'sheet5F3E986B']
08-19 15:13:58 replicate_layout.replicatelayout 774:Replicating zones on sheet [u'sheet5F3E986C']
08-19 15:13:58 root 266:updating GUI with: 41
08-19 15:13:58 replicate_layout.replicatelayout 774:Replicating zones on sheet [u'sheet5F3E986D']
08-19 15:13:58 replicate_layout.replicatelayout 774:Replicating zones on sheet [u'sheet5F3E986E']
08-19 15:13:58 replicate_layout.replicatelayout 774:Replicating zones on sheet [u'sheet5F3E986F']
08-19 15:13:58 root 266:updating GUI with: 48
08-19 15:13:58 replicate_layout.replicatelayout 774:Replicating zones on sheet [u'sheet5F4245CA']
08-19 15:13:58 replicate_layout.replicatelayout 774:Replicating zones on sheet [u'sheet5F4245CB']
08-19 15:13:58 root 266:updating GUI with: 53
08-19 15:13:58 replicate_layout.replicatelayout 774:Replicating zones on sheet [u'sheet5F4245CC']
08-19 15:13:58 replicate_layout.replicatelayout 774:Replicating zones on sheet [u'sheet5F4245CD']
08-19 15:13:58 replicate_layout.replicatelayout 774:Replicating zones on sheet [u'sheet5F4245CE']
08-19 15:13:58 root 266:updating GUI with: 60
08-19 15:13:58 replicate_layout.replicatelayout 774:Replicating zones on sheet [u'sheet5F4245CF']
08-19 15:13:58 replicate_layout.replicatelayout 774:Replicating zones on sheet [u'sheet5F4245D0']
08-19 15:13:58 replicate_layout.replicatelayout 774:Replicating zones on sheet [u'sheet5F4245D1']
08-19 15:13:58 root 266:updating GUI with: 68
08-19 15:13:58 replicate_layout.replicatelayout 774:Replicating zones on sheet [u'sheet5F4245D2']
08-19 15:13:58 replicate_layout.replicatelayout 774:Replicating zones on sheet [u'sheet5F4245D3']
08-19 15:13:58 replicate_layout.replicatelayout 774:Replicating zones on sheet [u'sheet5F4245D4']
08-19 15:13:58 root 266:updating GUI with: 75
08-19 15:13:58 replicate_layout.replicatelayout 774:Replicating zones on sheet [u'sheet5F4245D5']
08-19 15:13:58 replicate_layout.replicatelayout 774:Replicating zones on sheet [u'sheet5F4245D6']
08-19 15:13:58 replicate_layout.replicatelayout 774:Replicating zones on sheet [u'sheet5F4245D7']
08-19 15:13:58 root 266:updating GUI with: 82
08-19 15:13:58 replicate_layout.replicatelayout 774:Replicating zones on sheet [u'sheet5F4245D8']
08-19 15:13:58 replicate_layout.replicatelayout 774:Replicating zones on sheet [u'sheet5F4245D9']
08-19 15:13:58 replicate_layout.replicatelayout 774:Replicating zones on sheet [u'sheet5F4245DA']
08-19 15:13:58 root 266:updating GUI with: 90
08-19 15:13:58 replicate_layout.replicatelayout 774:Replicating zones on sheet [u'sheet5F4245DB']
08-19 15:13:58 replicate_layout.replicatelayout 774:Replicating zones on sheet [u'sheet5F4245DC']
08-19 15:13:58 replicate_layout.replicatelayout 774:Replicating zones on sheet [u'sheet5F4245DD']
08-19 15:13:58 root 266:updating GUI with: 97
08-19 15:13:58 replicate_layout.replicatelayout 774:Replicating zones on sheet [u'sheet5F4245DE']
08-19 15:13:58 root 261:updating GUI message: 'Replicating text'
08-19 15:13:58 replicate_layout.replicatelayout 833:Replicating text
08-19 15:13:58 replicate_layout.replicatelayout 840:Replicating text on sheet [u'sheet5F3BDA77']
08-19 15:13:58 replicate_layout.replicatelayout 840:Replicating text on sheet [u'sheet5F3C027D']
08-19 15:13:58 replicate_layout.replicatelayout 840:Replicating text on sheet [u'sheet5F3C2351']
08-19 15:13:58 replicate_layout.replicatelayout 840:Replicating text on sheet [u'sheet5F3C4950']
08-19 15:13:58 replicate_layout.replicatelayout 840:Replicating text on sheet [u'sheet5F3C5DF4']
08-19 15:13:58 replicate_layout.replicatelayout 840:Replicating text on sheet [u'sheet5F3C7669']
08-19 15:13:58 replicate_layout.replicatelayout 840:Replicating text on sheet [u'sheet5F3C9486']
08-19 15:13:58 replicate_layout.replicatelayout 840:Replicating text on sheet [u'sheet5F3CB78B']
08-19 15:13:58 replicate_layout.replicatelayout 840:Replicating text on sheet [u'sheet5F3CDFA2']
08-19 15:13:58 replicate_layout.replicatelayout 840:Replicating text on sheet [u'sheet5F3D8E21']
08-19 15:13:58 replicate_layout.replicatelayout 840:Replicating text on sheet [u'sheet5F3E9866']
08-19 15:13:58 replicate_layout.replicatelayout 840:Replicating text on sheet [u'sheet5F3E9867']
08-19 15:13:58 replicate_layout.replicatelayout 840:Replicating text on sheet [u'sheet5F3E9868']
08-19 15:13:58 replicate_layout.replicatelayout 840:Replicating text on sheet [u'sheet5F3E9869']
08-19 15:13:58 replicate_layout.replicatelayout 840:Replicating text on sheet [u'sheet5F3E986A']
08-19 15:13:58 replicate_layout.replicatelayout 840:Replicating text on sheet [u'sheet5F3E986B']
08-19 15:13:58 replicate_layout.replicatelayout 840:Replicating text on sheet [u'sheet5F3E986C']
08-19 15:13:58 replicate_layout.replicatelayout 840:Replicating text on sheet [u'sheet5F3E986D']
08-19 15:13:58 replicate_layout.replicatelayout 840:Replicating text on sheet [u'sheet5F3E986E']
08-19 15:13:58 replicate_layout.replicatelayout 840:Replicating text on sheet [u'sheet5F3E986F']
08-19 15:13:58 replicate_layout.replicatelayout 840:Replicating text on sheet [u'sheet5F4245CA']
08-19 15:13:58 replicate_layout.replicatelayout 840:Replicating text on sheet [u'sheet5F4245CB']
08-19 15:13:58 replicate_layout.replicatelayout 840:Replicating text on sheet [u'sheet5F4245CC']
08-19 15:13:58 replicate_layout.replicatelayout 840:Replicating text on sheet [u'sheet5F4245CD']
08-19 15:13:58 replicate_layout.replicatelayout 840:Replicating text on sheet [u'sheet5F4245CE']
08-19 15:13:58 replicate_layout.replicatelayout 840:Replicating text on sheet [u'sheet5F4245CF']
08-19 15:13:58 replicate_layout.replicatelayout 840:Replicating text on sheet [u'sheet5F4245D0']
08-19 15:13:58 replicate_layout.replicatelayout 840:Replicating text on sheet [u'sheet5F4245D1']
08-19 15:13:58 root 266:updating GUI with: 68
08-19 15:13:58 replicate_layout.replicatelayout 840:Replicating text on sheet [u'sheet5F4245D2']
08-19 15:13:58 replicate_layout.replicatelayout 840:Replicating text on sheet [u'sheet5F4245D3']
08-19 15:13:58 replicate_layout.replicatelayout 840:Replicating text on sheet [u'sheet5F4245D4']
08-19 15:13:58 replicate_layout.replicatelayout 840:Replicating text on sheet [u'sheet5F4245D5']
08-19 15:13:58 replicate_layout.replicatelayout 840:Replicating text on sheet [u'sheet5F4245D6']
08-19 15:13:58 replicate_layout.replicatelayout 840:Replicating text on sheet [u'sheet5F4245D7']
08-19 15:13:58 replicate_layout.replicatelayout 840:Replicating text on sheet [u'sheet5F4245D8']
08-19 15:13:58 replicate_layout.replicatelayout 840:Replicating text on sheet [u'sheet5F4245D9']
08-19 15:13:58 replicate_layout.replicatelayout 840:Replicating text on sheet [u'sheet5F4245DA']
08-19 15:13:58 replicate_layout.replicatelayout 840:Replicating text on sheet [u'sheet5F4245DB']
08-19 15:13:58 replicate_layout.replicatelayout 840:Replicating text on sheet [u'sheet5F4245DC']
08-19 15:13:58 replicate_layout.replicatelayout 840:Replicating text on sheet [u'sheet5F4245DD']
08-19 15:13:58 replicate_layout.replicatelayout 840:Replicating text on sheet [u'sheet5F4245DE']
08-19 15:13:58 root 261:updating GUI message: 'Replicating drawings'
08-19 15:13:58 replicate_layout.replicatelayout 864:Replicating drawings
08-19 15:13:58 replicate_layout.replicatelayout 870:Replicating drawings on sheet [u'sheet5F3BDA77']
08-19 15:13:58 replicate_layout.replicatelayout 870:Replicating drawings on sheet [u'sheet5F3C027D']
08-19 15:13:58 replicate_layout.replicatelayout 870:Replicating drawings on sheet [u'sheet5F3C2351']
08-19 15:13:58 replicate_layout.replicatelayout 870:Replicating drawings on sheet [u'sheet5F3C4950']
08-19 15:13:58 replicate_layout.replicatelayout 870:Replicating drawings on sheet [u'sheet5F3C5DF4']
08-19 15:13:58 replicate_layout.replicatelayout 870:Replicating drawings on sheet [u'sheet5F3C7669']
08-19 15:13:58 replicate_layout.replicatelayout 870:Replicating drawings on sheet [u'sheet5F3C9486']
08-19 15:13:58 replicate_layout.replicatelayout 870:Replicating drawings on sheet [u'sheet5F3CB78B']
08-19 15:13:58 replicate_layout.replicatelayout 870:Replicating drawings on sheet [u'sheet5F3CDFA2']
08-19 15:13:58 replicate_layout.replicatelayout 870:Replicating drawings on sheet [u'sheet5F3D8E21']
08-19 15:13:58 replicate_layout.replicatelayout 870:Replicating drawings on sheet [u'sheet5F3E9866']
08-19 15:13:58 replicate_layout.replicatelayout 870:Replicating drawings on sheet [u'sheet5F3E9867']
08-19 15:13:58 replicate_layout.replicatelayout 870:Replicating drawings on sheet [u'sheet5F3E9868']
08-19 15:13:58 replicate_layout.replicatelayout 870:Replicating drawings on sheet [u'sheet5F3E9869']
08-19 15:13:58 replicate_layout.replicatelayout 870:Replicating drawings on sheet [u'sheet5F3E986A']
08-19 15:13:58 replicate_layout.replicatelayout 870:Replicating drawings on sheet [u'sheet5F3E986B']
08-19 15:13:58 replicate_layout.replicatelayout 870:Replicating drawings on sheet [u'sheet5F3E986C']
08-19 15:13:58 replicate_layout.replicatelayout 870:Replicating drawings on sheet [u'sheet5F3E986D']
08-19 15:13:58 replicate_layout.replicatelayout 870:Replicating drawings on sheet [u'sheet5F3E986E']
08-19 15:13:58 replicate_layout.replicatelayout 870:Replicating drawings on sheet [u'sheet5F3E986F']
08-19 15:13:58 replicate_layout.replicatelayout 870:Replicating drawings on sheet [u'sheet5F4245CA']
08-19 15:13:58 replicate_layout.replicatelayout 870:Replicating drawings on sheet [u'sheet5F4245CB']
08-19 15:13:58 replicate_layout.replicatelayout 870:Replicating drawings on sheet [u'sheet5F4245CC']
08-19 15:13:58 replicate_layout.replicatelayout 870:Replicating drawings on sheet [u'sheet5F4245CD']
08-19 15:13:58 replicate_layout.replicatelayout 870:Replicating drawings on sheet [u'sheet5F4245CE']
08-19 15:13:58 replicate_layout.replicatelayout 870:Replicating drawings on sheet [u'sheet5F4245CF']
08-19 15:13:58 replicate_layout.replicatelayout 870:Replicating drawings on sheet [u'sheet5F4245D0']
08-19 15:13:58 replicate_layout.replicatelayout 870:Replicating drawings on sheet [u'sheet5F4245D1']
08-19 15:13:58 replicate_layout.replicatelayout 870:Replicating drawings on sheet [u'sheet5F4245D2']
08-19 15:13:58 replicate_layout.replicatelayout 870:Replicating drawings on sheet [u'sheet5F4245D3']
08-19 15:13:58 replicate_layout.replicatelayout 870:Replicating drawings on sheet [u'sheet5F4245D4']
08-19 15:13:58 replicate_layout.replicatelayout 870:Replicating drawings on sheet [u'sheet5F4245D5']
08-19 15:13:58 replicate_layout.replicatelayout 870:Replicating drawings on sheet [u'sheet5F4245D6']
08-19 15:13:58 replicate_layout.replicatelayout 870:Replicating drawings on sheet [u'sheet5F4245D7']
08-19 15:13:58 replicate_layout.replicatelayout 870:Replicating drawings on sheet [u'sheet5F4245D8']
08-19 15:13:58 replicate_layout.replicatelayout 870:Replicating drawings on sheet [u'sheet5F4245D9']
08-19 15:13:58 replicate_layout.replicatelayout 870:Replicating drawings on sheet [u'sheet5F4245DA']
08-19 15:13:58 root 266:updating GUI with: 90
08-19 15:13:58 replicate_layout.replicatelayout 870:Replicating drawings on sheet [u'sheet5F4245DB']
08-19 15:13:58 replicate_layout.replicatelayout 870:Replicating drawings on sheet [u'sheet5F4245DC']
08-19 15:13:58 replicate_layout.replicatelayout 870:Replicating drawings on sheet [u'sheet5F4245DD']
08-19 15:13:58 replicate_layout.replicatelayout 870:Replicating drawings on sheet [u'sheet5F4245DE']
08-19 15:13:58 root 261:updating GUI message: 'Removing duplicates'
08-19 15:14:00 replicate_layout.action_replicate_layout 201:Replication complete
